XNote/proguard-project.txt
# To enable ProGuard in your project, edit project.properties
# to define the proguard.config property as described in that file.
#
# Add project specific ProGuard rules here.
# By default, the flags in this file are appended to flags specified
# in ${sdk.dir}/tools/proguard/proguard-android.txt
# You can edit the include path and order by changing the ProGuard
# include property in project.properties.
#
# For more details, see
#   http://developer.android.com/guide/developing/tools/proguard.html

# Add any project specific keep options here:

# If your project uses WebView with JS, uncomment the following
# and specify the fully qualified class name to the JavaScript interface
# class:
#-keepclassmembers class fqcn.of.javascript.interface.for.webview {
#   public *;
#}

-libraryjars libs/android-support-v4.jar
-dontwarn android.support.v4.**
-keep class android.support.v4.** { *; }

-libraryjars libs/butterknife-6.1.0.jar
-dontwarn butterknife.internal.**
-keep class **$$ViewInjector { *; }
-keepnames class * { @butterknife.InjectView *;}

-libraryjars libs/greendao-2.0.0.jar
-keep class de.greenrobot.dao.** {*;}
-keepclassmembers class * extends de.greenrobot.dao.AbstractDao {  
	public static java.lang.String TABLENAME; 
}
-keep class **$Properties

-dontwarn com.tencent.bugly.**
-keep public class com.tencent.bugly.**{*;}

-keep class android.webkit.**{*;}
-keep class cn.sharesdk.**{*;}
-keep class m.framework.**{*;}
-keep class cn.smssdk.**{*;}
-keep class com.mob.**{*;}