XNote/proguard/seeds.txt
butterknife.OnCheckedChanged
butterknife.OnClick
butterknife.OnEditorAction
butterknife.OnFocusChange
butterknife.OnItemClick
butterknife.OnItemLongClick
butterknife.OnItemSelected
butterknife.OnItemSelected$Callback
butterknife.OnItemSelected$Callback: butterknife.OnItemSelected$Callback[] values()
butterknife.OnItemSelected$Callback: butterknife.OnItemSelected$Callback valueOf(java.lang.String)
butterknife.OnLongClick
butterknife.OnPageChange
butterknife.OnPageChange$Callback
butterknife.OnPageChange$Callback: butterknife.OnPageChange$Callback[] values()
butterknife.OnPageChange$Callback: butterknife.OnPageChange$Callback valueOf(java.lang.String)
butterknife.OnTextChanged
butterknife.OnTextChanged$Callback
butterknife.OnTextChanged$Callback: butterknife.OnTextChanged$Callback[] values()
butterknife.OnTextChanged$Callback: butterknife.OnTextChanged$Callback valueOf(java.lang.String)
butterknife.OnTouch
butterknife.Optional
butterknife.internal.Binding
butterknife.internal.ButterKnifeProcessor
butterknife.internal.CollectionBinding
butterknife.internal.CollectionBinding$Kind
butterknife.internal.CollectionBinding$Kind: butterknife.internal.CollectionBinding$Kind[] values()
butterknife.internal.CollectionBinding$Kind: butterknife.internal.CollectionBinding$Kind valueOf(java.lang.String)
butterknife.internal.DebouncingOnClickListener
butterknife.internal.DebouncingOnClickListener$1
butterknife.internal.ListenerBinding
butterknife.internal.ListenerClass
butterknife.internal.ListenerClass$NONE
butterknife.internal.ListenerClass$NONE: butterknife.internal.ListenerClass$NONE[] values()
butterknife.internal.ListenerClass$NONE: butterknife.internal.ListenerClass$NONE valueOf(java.lang.String)
butterknife.internal.ListenerMethod
butterknife.internal.Parameter
butterknife.internal.ViewBinding
butterknife.internal.ViewInjection
butterknife.internal.ViewInjector
butterknife.internal.ViewInjector$1
cn.smssdk.DefaultOnSendMessageHandler
cn.smssdk.DefaultOnSendMessageHandler: DefaultOnSendMessageHandler()
cn.smssdk.DefaultOnSendMessageHandler: boolean onSendMessage(java.lang.String,java.lang.String)
cn.smssdk.EventHandler
cn.smssdk.EventHandler: EventHandler()
cn.smssdk.EventHandler: void onRegister()
cn.smssdk.EventHandler: void beforeEvent(int,java.lang.Object)
cn.smssdk.EventHandler: void afterEvent(int,int,java.lang.Object)
cn.smssdk.EventHandler: void onUnregister()
cn.smssdk.OnSendMessageHandler
cn.smssdk.OnSendMessageHandler: boolean onSendMessage(java.lang.String,java.lang.String)
cn.smssdk.R
cn.smssdk.R: R()
cn.smssdk.R$array
cn.smssdk.R$array: int smssdk_country_group_a
cn.smssdk.R$array: int smssdk_country_group_b
cn.smssdk.R$array: int smssdk_country_group_c
cn.smssdk.R$array: int smssdk_country_group_d
cn.smssdk.R$array: int smssdk_country_group_e
cn.smssdk.R$array: int smssdk_country_group_f
cn.smssdk.R$array: int smssdk_country_group_g
cn.smssdk.R$array: int smssdk_country_group_h
cn.smssdk.R$array: int smssdk_country_group_i
cn.smssdk.R$array: int smssdk_country_group_j
cn.smssdk.R$array: int smssdk_country_group_k
cn.smssdk.R$array: int smssdk_country_group_l
cn.smssdk.R$array: int smssdk_country_group_m
cn.smssdk.R$array: int smssdk_country_group_n
cn.smssdk.R$array: int smssdk_country_group_o
cn.smssdk.R$array: int smssdk_country_group_p
cn.smssdk.R$array: int smssdk_country_group_q
cn.smssdk.R$array: int smssdk_country_group_r
cn.smssdk.R$array: int smssdk_country_group_s
cn.smssdk.R$array: int smssdk_country_group_t
cn.smssdk.R$array: int smssdk_country_group_u
cn.smssdk.R$array: int smssdk_country_group_v
cn.smssdk.R$array: int smssdk_country_group_w
cn.smssdk.R$array: int smssdk_country_group_x
cn.smssdk.R$array: int smssdk_country_group_y
cn.smssdk.R$array: int smssdk_country_group_z
cn.smssdk.R$array: R$array()
cn.smssdk.R$raw
cn.smssdk.R$raw: int libs
cn.smssdk.R$raw: R$raw()