XNote/proguard/mapping.txt
android.support.v4.media.routing.MediaRouterJellybeanMr2$RouteInfo -> android.support.v4.media.routing.MediaRouterJellybeanMr2$RouteInfo:
    java.lang.CharSequence getDescription(java.lang.Object) -> getDescription
    boolean isConnecting(java.lang.Object) -> isConnecting
android.support.v4.media.routing.MediaRouterJellybeanMr2$UserRouteInfo -> android.support.v4.media.routing.MediaRouterJellybeanMr2$UserRouteInfo:
    void setDescription(java.lang.Object,java.lang.CharSequence) -> setDescription
android.support.v4.media.session.IMediaControllerCallback -> android.support.v4.media.session.IMediaControllerCallback:
    void onEvent(java.lang.String,android.os.Bundle) -> onEvent
    void onSessionDestroyed() -> onSessionDestroyed
    void onPlaybackStateChanged(android.support.v4.media.session.PlaybackStateCompat) -> onPlaybackStateChanged
    void onMetadataChanged(android.support.v4.media.MediaMetadataCompat) -> onMetadataChanged
    void onQueueChanged(java.util.List) -> onQueueChanged
    void onQueueTitleChanged(java.lang.CharSequence) -> onQueueTitleChanged
    void onExtrasChanged(android.os.Bundle) -> onExtrasChanged
    void onVolumeInfoChanged(android.support.v4.media.session.ParcelableVolumeInfo) -> onVolumeInfoChanged
android.support.v4.media.session.IMediaControllerCallback$Stub -> android.support.v4.media.session.IMediaControllerCallback$Stub:
    java.lang.String DESCRIPTOR -> DESCRIPTOR
    int TRANSACTION_onEvent -> TRANSACTION_onEvent
    int TRANSACTION_onSessionDestroyed -> TRANSACTION_onSessionDestroyed
    int TRANSACTION_onPlaybackStateChanged -> TRANSACTION_onPlaybackStateChanged
    int TRANSACTION_onMetadataChanged -> TRANSACTION_onMetadataChanged
    int TRANSACTION_onQueueChanged -> TRANSACTION_onQueueChanged
    int TRANSACTION_onQueueTitleChanged -> TRANSACTION_onQueueTitleChanged
    int TRANSACTION_onExtrasChanged -> TRANSACTION_onExtrasChanged
    int TRANSACTION_onVolumeInfoChanged -> TRANSACTION_onVolumeInfoChanged
    android.support.v4.media.session.IMediaControllerCallback asInterface(android.os.IBinder) -> asInterface
    android.os.IBinder asBinder() -> asBinder
    boolean onTransact(int,android.os.Parcel,android.os.Parcel,int) -> onTransact
android.support.v4.media.session.IMediaControllerCallback$Stub$Proxy -> android.support.v4.media.session.IMediaControllerCallback$Stub$Proxy:
    android.os.IBinder mRemote -> mRemote
    android.os.IBinder asBinder() -> asBinder
    java.lang.String getInterfaceDescriptor() -> getInterfaceDescriptor
    void onEvent(java.lang.String,android.os.Bundle) -> onEvent
    void onSessionDestroyed() -> onSessionDestroyed
    void onPlaybackStateChanged(android.support.v4.media.session.PlaybackStateCompat) -> onPlaybackStateChanged
    void onMetadataChanged(android.support.v4.media.MediaMetadataCompat) -> onMetadataChanged
    void onQueueChanged(java.util.List) -> onQueueChanged
    void onQueueTitleChanged(java.lang.CharSequence) -> onQueueTitleChanged
    void onExtrasChanged(android.os.Bundle) -> onExtrasChanged
    void onVolumeInfoChanged(android.support.v4.media.session.ParcelableVolumeInfo) -> onVolumeInfoChanged