XNote/proguard/usage.txt
android.support.v7.internal.view.menu.MenuItemImpl:
    private static final java.lang.String TAG
    private static final int SHOW_AS_ACTION_MASK
    private static final int CHECKABLE
    private static final int CHECKED
    private static final int EXCLUSIVE
    private static final int HIDDEN
    private static final int ENABLED
    private static final int IS_ACTION
    static final int NO_ICON
    228:228:java.lang.Runnable getCallback()
    232:233:public android.view.MenuItem setCallback(java.lang.Runnable)
android.support.v7.internal.view.menu.MenuItemWrapperICS:
    static final java.lang.String LOG_TAG
android.support.v7.internal.view.menu.MenuPopupHelper:
    private static final java.lang.String TAG
    80:81:public MenuPopupHelper(android.content.Context,android.support.v7.internal.view.menu.MenuBuilder)
    253:253:public android.support.v7.internal.view.menu.MenuView getMenuView(android.view.ViewGroup)
    323:323:public int getId()
    328:328:public android.os.Parcelable onSaveInstanceState()
    333:333:public void onRestoreInstanceState(android.os.Parcelable)
android.support.v7.internal.view.menu.MenuPresenter:
    public abstract android.support.v7.internal.view.menu.MenuView getMenuView(android.view.ViewGroup)
    public abstract void setCallback(android.support.v7.internal.view.menu.MenuPresenter$Callback)
    public abstract int getId()
    public abstract android.os.Parcelable onSaveInstanceState()
    public abstract void onRestoreInstanceState(android.os.Parcelable)
android.support.v7.internal.view.menu.MenuView:
    public abstract int getWindowAnimations()
android.support.v7.internal.view.menu.MenuView$ItemView:
    public abstract void setTitle(java.lang.CharSequence)
    public abstract void setEnabled(boolean)
    public abstract void setCheckable(boolean)
    public abstract void setChecked(boolean)
    public abstract void setShortcut(boolean,char)
    public abstract void setIcon(android.graphics.drawable.Drawable)
    public abstract boolean showsIcon()
android.support.v7.internal.view.menu.MenuWrapperFactory:
    32:33:private MenuWrapperFactory()
android.support.v7.internal.view.menu.SubMenuBuilder:
    56:57:public void setShortcutsVisible(boolean)
android.support.v7.internal.view.menu.SubMenuWrapperICS:
    30:30:public bridge synthetic java.lang.Object getWrappedObject()
android.support.v7.internal.widget.AbsActionBarView:
    private static final int FADE_DURATION
    184:189:public void postShowOverflowMenu()
    192:195:public boolean hideOverflowMenu()
    199:202:public boolean isOverflowMenuShowing()
    206:209:public boolean isOverflowMenuShowPending()
    213:213:public boolean isOverflowReserved()
    217:217:public boolean canShowOverflowMenu()
    221:224:public void dismissPopupMenus()
android.support.v7.internal.widget.AbsActionBarView$1
android.support.v7.internal.widget.AbsSpinnerCompat:
    private android.graphics.Rect mTouchFrame
    54:56:AbsSpinnerCompat(android.content.Context)
    59:60:AbsSpinnerCompat(android.content.Context,android.util.AttributeSet)
    252:255:public void setSelection(int,boolean)
    273:280:void setSelectionInt(int,boolean)
    abstract void layout(int,boolean)
    325:341:public int pointToPosition(int,int)
android.support.v7.internal.widget.ActionBarContainer:
    231:231:public android.support.v7.view.ActionMode startActionModeForChild(android.view.View,android.support.v7.view.ActionMode$Callback)